app/build/outputs/logs/manifest-merger-debug-report.txt
-- Merging decision tree log ---
manifest
ADDED from src\main\AndroidManifest.xml:2:1-205:12
	xmlns:android
		ADDED from src\main\AndroidManifest.xml:2:11-69
	package
		ADDED from src\main\AndroidManifest.xml:3:11-36
		INJECTED from src\main\AndroidManifest.xml
		INJECTED from src\main\AndroidManifest.xml
	android:versionName
		ADDED from src\main\AndroidManifest.xml:5:11-54
		INJECTED from src\main\AndroidManifest.xml
		INJECTED from src\main\AndroidManifest.xml
	android:versionCode
		ADDED from src\main\AndroidManifest.xml:4:11-35
		INJECTED from src\main\AndroidManifest.xml
		INJECTED from src\main\AndroidManifest.xml
uses-sdk
ADDED from src\main\AndroidManifest.xml:8:5-74
MERGED from [com.android.support:appcompat-v7:19.0.0] AndroidManifest.xml:18:5-42
	android:targetSdkVersion
		ADDED from src\main\AndroidManifest.xml:8:42-71
		INJECTED from src\main\AndroidManifest.xml
		INJECTED from src\main\AndroidManifest.xml
	android:minSdkVersion
		ADDED from src\main\AndroidManifest.xml:8:15-41
		INJECTED from src\main\AndroidManifest.xml
		INJECTED from src\main\AndroidManifest.xml
uses-feature#android.hardware.bluetooth_le
ADDED from src\main\AndroidManifest.xml:10:5-90
	android:required
		ADDED from src\main\AndroidManifest.xml:10:64-87
	android:name
		ADDED from src\main\AndroidManifest.xml:10:19-63
uses-feature#android.hardware.camera
ADDED from src\main\AndroidManifest.xml:11:5-60
	android:name
		ADDED from src\main\AndroidManifest.xml:11:19-57
uses-feature#android.hardware.camera.autofocus
ADDED from src\main\AndroidManifest.xml:12:5-70
	android:name
		ADDED from src\main\AndroidManifest.xml:12:19-67
uses-permission#android.permission.ACCESS_COARSE_LOCATION
ADDED from src\main\AndroidManifest.xml:14:5-80
	android:name
		ADDED from src\main\AndroidManifest.xml:14:22-78
uses-permission#android.permission.ACCESS_FINE_LOCATION
ADDED from src\main\AndroidManifest.xml:15:5-78
	android:name
		ADDED from src\main\AndroidManifest.xml:15:22-76
uses-permission#android.permission.BIND_NOTIFICATION_LISTENER_SERVICE
ADDED from src\main\AndroidManifest.xml:16:5-93
	android:name
		ADDED from src\main\AndroidManifest.xml:16:22-90
uses-permission#android.permission.BLUETOOTH
ADDED from src\main\AndroidManifest.xml:17:5-68
	android:name
		ADDED from src\main\AndroidManifest.xml:17:22-65
uses-permission#android.permission.BLUETOOTH_ADMIN
ADDED from src\main\AndroidManifest.xml:18:5-74
	android:name
		ADDED from src\main\AndroidManifest.xml:18:22-71
uses-permission#android.permission.CAMERA
ADDED from src\main\AndroidManifest.xml:19:5-65
	android:name
		ADDED from src\main\AndroidManifest.xml:19:22-62
uses-permission#android.permission.GET_ACCOUNTS
ADDED from src\main\AndroidManifest.xml:20:5-71
	android:name
		ADDED from src\main\AndroidManifest.xml:20:22-68
uses-permission#android.permission.INTERNET
ADDED from src\main\AndroidManifest.xml:21:5-66
	android:name
		ADDED from src\main\AndroidManifest.xml:21:22-64
uses-permission#android.permission.READ_EXTERNAL_STORAGE
ADDED from src\main\AndroidManifest.xml:22:5-80
	android:name
		ADDED from src\main\AndroidManifest.xml:22:22-77
uses-permission#android.permission.READ_PHONE_STATE
ADDED from src\main\AndroidManifest.xml:23:5-75
	android:name
		ADDED from src\main\AndroidManifest.xml:23:22-72
uses-permission#android.permission.SEND_RESPOND_VIA_MESSAGE
ADDED from src\main\AndroidManifest.xml:24:5-83
	android:name
		ADDED from src\main\AndroidManifest.xml:24:22-80
uses-permission#android.permission.WAKE_LOCK
ADDED from src\main\AndroidManifest.xml:25:5-67
	android:name
		ADDED from src\main\AndroidManifest.xml:25:22-65
uses-permission#android.permission.WRITE_EXTERNAL_STORAGE
ADDED from src\main\AndroidManifest.xml:26:5-81
	android:name
		ADDED from src\main\AndroidManifest.xml:26:22-78
uses-permission#android.permission.WRITE_SETTINGS
ADDED from src\main\AndroidManifest.xml:27:5-72
	android:name
		ADDED from src\main\AndroidManifest.xml:27:22-70
uses-permission#com.cookoo.life.permission.C2D_MESSAGE
ADDED from src\main\AndroidManifest.xml:28:5-78
	android:name
		ADDED from src\main\AndroidManifest.xml:28:22-75
uses-permission#com.google.android.providers.gsf.permission.READ_GSERVICES
ADDED from src\main\AndroidManifest.xml:29:5-97
	android:name
		ADDED from src\main\AndroidManifest.xml:29:22-95
uses-permission#com.google.android.c2dm.permission.RECEIVE
ADDED from src\main\AndroidManifest.xml:30:5-81
	android:name
		ADDED from src\main\AndroidManifest.xml:30:22-79
permission#com.cookoo.life.permission.C2D_MESSAGE
ADDED from src\main\AndroidManifest.xml:32:5-109
	android:protectionLevel
		ADDED from src\main\AndroidManifest.xml:32:71-106
	android:name
		ADDED from src\main\AndroidManifest.xml:32:17-70
application
ADDED from src\main\AndroidManifest.xml:34:5-203:19
MERGED from [com.android.support:appcompat-v7:19.0.0] AndroidManifest.xml:19:5-20
	android:label
		ADDED from src\main\AndroidManifest.xml:37:13-45
	android:allowBackup
		ADDED from src\main\AndroidManifest.xml:35:13-39
	android:icon
		ADDED from src\main\AndroidManifest.xml:36:13-49
	android:theme
		ADDED from src\main\AndroidManifest.xml:38:13-48
activity#com.cookoo.life.activity.MainActivity
ADDED from src\main\AndroidManifest.xml:40:9-52:20
	android:windowSoftInputMode
		ADDED from src\main\AndroidManifest.xml:45:17-58
	android:screenOrientation
		ADDED from src\main\AndroidManifest.xml:44:17-53
	android:label
		ADDED from src\main\AndroidManifest.xml:42:17-49
	android:theme
		ADDED from src\main\AndroidManifest.xml:46:17-76
	android:name
		ADDED from src\main\AndroidManifest.xml:41:17-69
	android:launchMode
		ADDED from src\main\AndroidManifest.xml:43:17-47
intent-filter#android.intent.action.MAIN+android.intent.category.LAUNCHER
ADDED from src\main\AndroidManifest.xml:47:13-51:29
action#android.intent.action.MAIN
ADDED from src\main\AndroidManifest.xml:48:17-69
	android:name
		ADDED from src\main\AndroidManifest.xml:48:25-66
category#android.intent.category.LAUNCHER
ADDED from src\main\AndroidManifest.xml:50:17-77
	android:name
		ADDED from src\main\AndroidManifest.xml:50:27-74
receiver#com.cookoo.life.activity.MainActivity$PowerConnectionReceiver
ADDED from src\main\AndroidManifest.xml:53:9-58:20
	android:name
		ADDED from src\main\AndroidManifest.xml:53:19-95
intent-filter#android.intent.action.ACTION_BATTERY_LOW+android.intent.action.ACTION_BATTERY_OKAY
ADDED from src\main\AndroidManifest.xml:54:13-57:29
action#android.intent.action.ACTION_BATTERY_LOW
ADDED from src\main\AndroidManifest.xml:55:17-82
	android:name
		ADDED from src\main\AndroidManifest.xml:55:25-80
action#android.intent.action.ACTION_BATTERY_OKAY
ADDED from src\main\AndroidManifest.xml:56:17-83
	android:name
		ADDED from src\main\AndroidManifest.xml:56:25-81
activity#com.cookoo.life.activity.DevicePreferenceActivity
ADDED from src\main\AndroidManifest.xml:59:9-68:20
	android:screenOrientation
		ADDED from src\main\AndroidManifest.xml:65:17-53
	android:noHistory
		ADDED from src\main\AndroidManifest.xml:64:17-42
	android:label
		ADDED from src\main\AndroidManifest.xml:62:17-33
	android:configChanges
		ADDED from src\main\AndroidManifest.xml:61:17-78
	android:theme
		ADDED from src\main\AndroidManifest.xml:66:17-76
	android:name
		ADDED from src\main\AndroidManifest.xml:60:17-81
	android:launchMode
		ADDED from src\main\AndroidManifest.xml:63:17-47
activity#com.cookoo.life.activity.SplashActivity
ADDED from src\main\AndroidManifest.xml:71:9-77:51
	android:screenOrientation
		ADDED from src\main\AndroidManifest.xml:77:13-49
	android:noHistory
		ADDED from src\main\AndroidManifest.xml:76:13-37
	android:theme
		ADDED from src\main\AndroidManifest.xml:74:13-72
	android:parentActivityName
		ADDED from src\main\AndroidManifest.xml:73:13-75
	android:name
		ADDED from src\main\AndroidManifest.xml:72:13-67
	android:launchMode
		ADDED from src\main\AndroidManifest.xml:75:13-43
activity#com.cookoo.life.activity.DeviceInfoActivity
ADDED from src\main\AndroidManifest.xml:79:9-85:55
	android:screenOrientation
		ADDED from src\main\AndroidManifest.xml:85:17-53
	android:noHistory
		ADDED from src\main\AndroidManifest.xml:84:17-41
	android:theme
		ADDED from src\main\AndroidManifest.xml:82:17-76
	android:parentActivityName
		ADDED from src\main\AndroidManifest.xml:81:17-79
	android:name
		ADDED from src\main\AndroidManifest.xml:80:17-75
	android:launchMode
		ADDED from src\main\AndroidManifest.xml:83:17-47
activity#com.cookoo.life.activity.NewUserActivity
ADDED from src\main\AndroidManifest.xml:88:9-95:51
	android:windowSoftInputMode
		ADDED from src\main\AndroidManifest.xml:90:13-55
	android:screenOrientation
		ADDED from src\main\AndroidManifest.xml:95:13-49
	android:noHistory
		ADDED from src\main\AndroidManifest.xml:94:13-37
	android:theme
		ADDED from src\main\AndroidManifest.xml:92:13-72
	android:parentActivityName
		ADDED from src\main\AndroidManifest.xml:91:13-75
	android:name
		ADDED from src\main\AndroidManifest.xml:89:13-68
	android:launchMode
		ADDED from src\main\AndroidManifest.xml:93:13-43
activity#com.cookoo.life.activity.SignInActivity
ADDED from src\main\AndroidManifest.xml:97:9-104:55
	android:windowSoftInputMode
		ADDED from src\main\AndroidManifest.xml:99:17-59
	android:screenOrientation
		ADDED from src\main\AndroidManifest.xml:104:17-53
	android:noHistory
		ADDED from src\main\AndroidManifest.xml:103:17-41
	android:theme
		ADDED from src\main\AndroidManifest.xml:101:17-76
	android:parentActivityName
		ADDED from src\main\AndroidManifest.xml:100:17-79
	android:name
		ADDED from src\main\AndroidManifest.xml:98:17-71
	android:launchMode
		ADDED from src\main\AndroidManifest.xml:102:17-47
activity#com.cookoo.life.activity.GeneralSettingsActivity
ADDED from src\main\AndroidManifest.xml:106:9-111:51
	android:screenOrientation
		ADDED from src\main\AndroidManifest.xml:111:13-49
	android:noHistory
		ADDED from src\main\AndroidManifest.xml:110:13-38
	android:theme
		ADDED from src\main\AndroidManifest.xml:108:13-72
	android:name
		ADDED from src\main\AndroidManifest.xml:107:13-76
	android:launchMode
		ADDED from src\main\AndroidManifest.xml:109:13-43
activity#com.cookoo.life.activity.AccountActivity
ADDED from src\main\AndroidManifest.xml:113:9-118:55
	android:screenOrientation
		ADDED from src\main\AndroidManifest.xml:118:17-53
	android:noHistory
		ADDED from src\main\AndroidManifest.xml:117:17-41
	android:theme
		ADDED from src\main\AndroidManifest.xml:115:17-76
	android:name
		ADDED from src\main\AndroidManifest.xml:114:17-72
	android:launchMode
		ADDED from src\main\AndroidManifest.xml:116:17-47
activity#com.cookoo.life.activity.DemoModeActivity
ADDED from src\main\AndroidManifest.xml:120:9-126:55
	android:screenOrientation
		ADDED from src\main\AndroidManifest.xml:126:17-53
	android:noHistory
		ADDED from src\main\AndroidManifest.xml:125:17-42
	android:theme
		ADDED from src\main\AndroidManifest.xml:123:17-76
	android:parentActivityName
		ADDED from src\main\AndroidManifest.xml:122:17-94
	android:name
		ADDED from src\main\AndroidManifest.xml:121:17-73
	android:launchMode
		ADDED from src\main\AndroidManifest.xml:124:17-47
activity#com.cookoo.life.activity.DeviceScanActivity
ADDED from src\main\AndroidManifest.xml:128:9-132:51
	android:screenOrientation
		ADDED from src\main\AndroidManifest.xml:132:13-49
	android:noHistory
		ADDED from src\main\AndroidManifest.xml:131:13-38
	android:name
		ADDED from src\main\AndroidManifest.xml:129:13-71
	android:launchMode
		ADDED from src\main\AndroidManifest.xml:130:13-43
service#com.cookoo.life.service.BluetoothService
ADDED from src\main\AndroidManifest.xml:134:9-136:42
	android:enabled
		ADDED from src\main\AndroidManifest.xml:136:17-39
	android:name
		ADDED from src\main\AndroidManifest.xml:135:17-57
service#com.cookoo.life.service.AccountService
ADDED from src\main\AndroidManifest.xml:138:9-139:43
	android:enabled
		ADDED from src\main\AndroidManifest.xml:139:18-40
	android:name
		ADDED from src\main\AndroidManifest.xml:138:18-71
service#com.cookoo.life.service.RegistrationService
ADDED from src\main\AndroidManifest.xml:141:9-142:43
	android:enabled
		ADDED from src\main\AndroidManifest.xml:142:18-40
	android:name
		ADDED from src\main\AndroidManifest.xml:141:18-76
service#com.cookoo.life.service.NotifListenerService
ADDED from src\main\AndroidManifest.xml:143:9-151:19
	android:label
		ADDED from src\main\AndroidManifest.xml:146:17-62
	android:enabled
		ADDED from src\main\AndroidManifest.xml:145:17-39
	android:permission
		ADDED from src\main\AndroidManifest.xml:147:17-91
	android:name
		ADDED from src\main\AndroidManifest.xml:144:17-61
intent-filter#android.service.notification.NotificationListenerService
ADDED from src\main\AndroidManifest.xml:148:13-150:29
action#android.service.notification.NotificationListenerService
ADDED from src\main\AndroidManifest.xml:149:17-99
	android:name
		ADDED from src\main\AndroidManifest.xml:149:25-96
receiver#re.notifica.push.gcm.PushReceiver
ADDED from src\main\AndroidManifest.xml:160:9-170:20
	android:permission
		ADDED from src\main\AndroidManifest.xml:162:17-77
	android:name
		ADDED from src\main\AndroidManifest.xml:161:17-65
intent-filter#com.google.android.c2dm.intent.RECEIVE+com.google.android.c2dm.intent.REGISTRATION
ADDED from src\main\AndroidManifest.xml:163:13-169:29
action#com.google.android.c2dm.intent.RECEIVE
ADDED from src\main\AndroidManifest.xml:165:17-81
	android:name
		ADDED from src\main\AndroidManifest.xml:165:25-78
action#com.google.android.c2dm.intent.REGISTRATION
ADDED from src\main\AndroidManifest.xml:167:17-86
	android:name
		ADDED from src\main\AndroidManifest.xml:167:25-83
service#re.notifica.push.gcm.PushService
ADDED from src\main\AndroidManifest.xml:174:9-175:60
	android:label
		ADDED from src\main\AndroidManifest.xml:175:18-57
	android:name
		ADDED from src\main\AndroidManifest.xml:174:18-65
receiver#com.cookoo.life.service.NotificareIntentService
ADDED from src\main\AndroidManifest.xml:187:9-84
	android:name
		ADDED from src\main\AndroidManifest.xml:187:19-81
meta-data#com.google.android.gms.version
ADDED from src\main\AndroidManifest.xml:196:9-198:38
	android:name
		ADDED from src\main\AndroidManifest.xml:197:17-62
	android:value
		ADDED from src\main\AndroidManifest.xml:198:17-35
meta-data#com.google.android.maps.v2.API_KEY
ADDED from src\main\AndroidManifest.xml:199:9-201:80
	android:name
		ADDED from src\main\AndroidManifest.xml:200:17-66
	android:value
		ADDED from src\main\AndroidManifest.xml:201:17-77